Started GET "/" for ::1 at 2019-10-12 16:21:47 -0500
Processing by Rails::WelcomeController#index as HTML
  Rendering C:/RailsInstaller/Ruby2.3.3/lib/ruby/gems/2.3.0/gems/railties-5.1.7/lib/rails/templates/rails/welcome/index.html.erb
  Rendered C:/RailsInstaller/Ruby2.3.3/lib/ruby/gems/2.3.0/gems/railties-5.1.7/lib/rails/templates/rails/welcome/index.html.erb (3.9ms)
Completed 200 OK in 340ms (Views: 41.7ms)


Started GET "/" for ::1 at 2019-10-12 16:36:01 -0500
  
ActionController::RoutingError (uninitialized constant WelcomeController):
  
activesupport (5.1.7) lib/active_support/inflector/methods.rb:269:in `const_get'
activesupport (5.1.7) lib/active_support/inflector/methods.rb:269:in `block in constantize'
activesupport (5.1.7) lib/active_support/inflector/methods.rb:267:in `each'
activesupport (5.1.7) lib/active_support/inflector/methods.rb:267:in `inject'
activesupport (5.1.7) lib/active_support/inflector/methods.rb:267:in `constantize'
actionpack (5.1.7) lib/action_dispatch/http/request.rb:85:in `controller_class_for'
actionpack (5.1.7) lib/action_dispatch/http/request.rb:78:in `controller_class'
actionpack (5.1.7) lib/action_dispatch/routing/route_set.rb:43:in `controller'
actionpack (5.1.7) lib/action_dispatch/routing/route_set.rb:29:in `serve'
actionpack (5.1.7) lib/action_dispatch/journey/router.rb:50:in `block in serve'
actionpack (5.1.7) lib/action_dispatch/journey/router.rb:33:in `each'
actionpack (5.1.7) lib/action_dispatch/journey/router.rb:33:in `serve'
actionpack (5.1.7) lib/action_dispatch/routing/route_set.rb:844:in `call'
rack (2.0.7) lib/rack/etag.rb:25:in `call'
rack (2.0.7) lib/rack/conditional_get.rb:25:in `call'
rack (2.0.7) lib/rack/head.rb:12:in `call'
rack (2.0.7) lib/rack/session/abstract/id.rb:232:in `context'
rack (2.0.7) lib/rack/session/abstract/id.rb:226:in `call'
actionpack (5.1.7) lib/action_dispatch/middleware/cookies.rb:613:in `call'
activerecord (5.1.7) lib/active_record/migration.rb:556:in `call'
actionpack (5.1.7) lib/action_dispatch/middleware/callbacks.rb:26:in `block in call'
activesupport (5.1.7) lib/active_support/callbacks.rb:97:in `run_callbacks'
actionpack (5.1.7) lib/action_dispatch/middleware/callbacks.rb:24:in `call'
actionpack (5.1.7) lib/action_dispatch/middleware/executor.rb:12:in `call'
actionpack (5.1.7) lib/action_dispatch/middleware/debug_exceptions.rb:59:in `call'
web-console (3.7.0) lib/web_console/middleware.rb:135:in `call_app'
web-console (3.7.0) lib/web_console/middleware.rb:30:in `block in call'
web-console (3.7.0) lib/web_console/middleware.rb:20:in `catch'
web-console (3.7.0) lib/web_console/middleware.rb:20:in `call'
actionpack (5.1.7) lib/action_dispatch/middleware/show_exceptions.rb:31:in `call'
railties (5.1.7) lib/rails/rack/logger.rb:36:in `call_app'
railties (5.1.7) lib/rails/rack/logger.rb:24:in `block in call'
activesupport (5.1.7) lib/active_support/tagged_logging.rb:69:in `block in tagged'
activesupport (5.1.7) lib/active_support/tagged_logging.rb:26:in `tagged'
activesupport (5.1.7) lib/active_support/tagged_logging.rb:69:in `tagged'
railties (5.1.7) lib/rails/rack/logger.rb:24:in `call'
sprockets-rails (3.2.1) lib/sprockets/rails/quiet_assets.rb:13:in `call'
actionpack (5.1.7) lib/action_dispatch/middleware/remote_ip.rb:79:in `call'
actionpack (5.1.7) lib/action_dispatch/middleware/request_id.rb:25:in `call'
rack (2.0.7) lib/rack/method_override.rb:22:in `call'
rack (2.0.7) lib/rack/runtime.rb:22:in `call'
activesupport (5.1.7) lib/active_support/cache/strategy/local_cache_middleware.rb:27:in `call'
actionpack (5.1.7) lib/action_dispatch/middleware/executor.rb:12:in `call'
actionpack (5.1.7) lib/action_dispatch/middleware/static.rb:125:in `call'
rack (2.0.7) lib/rack/sendfile.rb:111:in `call'
railties (5.1.7) lib/rails/engine.rb:522:in `call'
puma (3.12.1) lib/puma/configuration.rb:227:in `call'
puma (3.12.1) lib/puma/server.rb:660:in `handle_request'
puma (3.12.1) lib/puma/server.rb:474:in `process_client'
puma (3.12.1) lib/puma/server.rb:334:in `block in run'
puma (3.12.1) lib/puma/thread_pool.rb:135:in `block in spawn_thread'
Started GET "/" for ::1 at 2019-10-12 16:36:17 -0500
Processing by PostController#index as HTML
  Rendering post/index.html.erb within layouts/application
  Rendered post/index.html.erb within layouts/application (0.0ms)
Completed 200 OK in 1175ms (Views: 866.6ms)


Started GET "/" for ::1 at 2019-10-12 16:36:36 -0500
Processing by PostController#index as HTML
  Rendering post/index.html.erb within layouts/application
  Rendered post/index.html.erb within layouts/application (0.0ms)
Completed 200 OK in 117ms (Views: 97.3ms)


Started GET "/" for ::1 at 2019-10-12 16:36:37 -0500
Processing by PostController#index as HTML
  Rendering post/index.html.erb within layouts/application
  Rendered post/index.html.erb within layouts/application (1.0ms)
Completed 200 OK in 107ms (Views: 89.5ms)


Started GET "/about" for ::1 at 2019-10-12 16:39:04 -0500
Processing by PagesController#about as HTML
  Rendering pages/about.html.erb within layouts/application
  Rendered pages/about.html.erb within layouts/application (0.0ms)
Completed 200 OK in 153ms (Views: 136.4ms)


Started GET "/about" for ::1 at 2019-10-12 16:40:27 -0500
Processing by PagesController#about as HTML
  Rendering pages/about.html.erb within layouts/application
  Rendered pages/about.html.erb within layouts/application (170.8ms)
Completed 500 Internal Server Error in 235ms


  
ActionView::Template::Error (undefined local variable or method `title' for #<#<Class:0xa0f9710>:0xa0f8528>
Did you mean?  @title):
    1: <h1><%= title %></h1>
  
app/views/pages/about.html.erb:1:in `_app_views_pages_about_html_erb___53682014_84397608'
Started GET "/about" for ::1 at 2019-10-12 16:40:47 -0500
Processing by PagesController#about as HTML
  Rendering pages/about.html.erb within layouts/application
  Rendered pages/about.html.erb within layouts/application (0.0ms)
Completed 200 OK in 108ms (Views: 88.8ms)


Started GET "/about" for ::1 at 2019-10-12 16:42:05 -0500
Processing by PagesController#about as HTML
  Rendering pages/about.html.erb within layouts/application
  Rendered pages/about.html.erb within layouts/application (0.0ms)
Completed 200 OK in 103ms (Views: 84.3ms)


Started GET "/" for ::1 at 2019-10-12 16:45:12 -0500
Processing by PostController#index as HTML
  Rendering post/index.html.erb within layouts/application
  Rendered post/index.html.erb within layouts/application (0.0ms)
Completed 200 OK in 106ms (Views: 87.0ms)


Started GET "/post/new" for ::1 at 2019-10-12 16:45:18 -0500
Processing by PostController#new as HTML
  Rendering post/new.html.erb within layouts/application
  Rendered post/new.html.erb within layouts/application (1.0ms)
Completed 200 OK in 100ms (Views: 80.8ms)


Started GET "/post/new" for ::1 at 2019-10-12 16:49:07 -0500
Processing by PostController#new as HTML
  Rendering post/new.html.erb within layouts/application
  Rendered post/new.html.erb within layouts/application (124.9ms)
Completed 500 Internal Server Error in 205ms


  
ActionView::Template::Error (undefined method `sumbit' for #<ActionView::Helpers::FormBuilder:0x6b061c0>
Did you mean?  submit):
     9:         <%= f.text_area :body %>
    10:     </p>
    11:     <p>
    12:         <% f.sumbit %>
    13:     </p>
    14: <%end%>
  
app/views/post/new.html.erb:12:in `block in _app_views_post_new_html_erb__838628525_58551264'
app/views/post/new.html.erb:2:in `_app_views_post_new_html_erb__838628525_58551264'
Started GET "/post/new" for ::1 at 2019-10-12 16:49:30 -0500
Processing by PostController#new as HTML
  Rendering post/new.html.erb within layouts/application
  Rendered post/new.html.erb within layouts/application (2.0ms)
Completed 200 OK in 100ms (Views: 80.4ms)


Started GET "/post/new" for ::1 at 2019-10-12 16:51:02 -0500
Processing by PostController#new as HTML
  Rendering post/new.html.erb within layouts/application
  Rendered post/new.html.erb within layouts/application (17.6ms)
Completed 500 Internal Server Error in 85ms


  
ActionView::Template::Error (No route matches {:action=>"show", :controller=>"post"}, missing required keys: [:id]):
    1: <h1> Add post </h1>
    2: <%= form_for :post, url: post_path do |f| %>
    3:     <p>
    4:         <%= f.label :title %><br>
    5:         <%= f.text_field :title %>
  
app/views/post/new.html.erb:2:in `_app_views_post_new_html_erb__838628525_99084072'
Started GET "/post/new" for ::1 at 2019-10-12 16:52:39 -0500
Processing by PostController#new as HTML
  Rendering post/new.html.erb within layouts/application
  Rendered post/new.html.erb within layouts/application (18.6ms)
Completed 500 Internal Server Error in 91ms


  
ActionView::Template::Error (No route matches {:action=>"show", :controller=>"post"}, missing required keys: [:id]):
    1: <h1> Add post </h1>
    2: <%= form_for :pos, url: post_path do |f| %>
    3:     <p>
    4:         <%= f.label :title %><br>
    5:         <%= f.text_field :title %>
  
app/views/post/new.html.erb:2:in `_app_views_post_new_html_erb__838628525_104162196'
Started GET "/post/new" for ::1 at 2019-10-12 16:52:55 -0500
Processing by PostController#new as HTML
  Rendering post/new.html.erb within layouts/application
  Rendered post/new.html.erb within layouts/application (171.8ms)
Completed 500 Internal Server Error in 242ms


  
ActionView::Template::Error (undefined local variable or method `pos_path' for #<#<Class:0xc6ac1e8>:0xcc06a20>
Did you mean?  post_path):
    1: <h1> Add post </h1>
    2: <%= form_for :pos, url: pos_path do |f| %>
    3:     <p>
    4:         <%= f.label :title %><br>
    5:         <%= f.text_field :title %>
  
app/views/post/new.html.erb:2:in `_app_views_post_new_html_erb__838628525_106969152'
Started GET "/post/new" for ::1 at 2019-10-12 16:53:10 -0500
Processing by PostController#new as HTML
  Rendering post/new.html.erb within layouts/application
  Rendered post/new.html.erb within layouts/application (16.6ms)
Completed 500 Internal Server Error in 86ms


  
ActionView::Template::Error (No route matches {:action=>"show", :controller=>"post"}, missing required keys: [:id]):
    1: <h1> Add post </h1>
    2: <%= form_for :pos, url: post_path do |f| %>
    3:     <p>
    4:         <%= f.label :title %><br>
    5:         <%= f.text_field :title %>
  
app/views/post/new.html.erb:2:in `_app_views_post_new_html_erb__838628525_77958408'
Started GET "/post/new" for ::1 at 2019-10-12 16:55:48 -0500
Processing by PostController#new as HTML
  Rendering post/new.html.erb within layouts/application
  Rendered post/new.html.erb within layouts/application (20.5ms)
Completed 500 Internal Server Error in 102ms


  
ActionView::Template::Error (No route matches {:action=>"show", :controller=>"post"}, missing required keys: [:id]):
    1: <h1> Add post </h1>
    2: <%= form_for :post, url: post_path do |f| %>
    3:     <p>
    4:         <%= f.label :title %><br>
    5:         <%= f.text_field :title %>
  
app/views/post/new.html.erb:2:in `_app_views_post_new_html_erb__838628525_88359060'
Started GET "/post/new" for ::1 at 2019-10-12 16:57:31 -0500
Processing by PostController#new as HTML
  Rendering post/new.html.erb within layouts/application
  Rendered post/new.html.erb within layouts/application (180.6ms)
Completed 500 Internal Server Error in 251ms


  
ActionView::Template::Error (undefined local variable or method `posts_path' for #<#<Class:0xb96fc10>:0xc4e0108>
Did you mean?  post_path):
    1: <h1> Add post </h1>
    2: <%= form_for :post, url: posts_path do |f| %>
    3:     <p>
    4:         <%= f.label :title %><br>
    5:         <%= f.text_field :title %>
  
app/views/post/new.html.erb:2:in `_app_views_post_new_html_erb__838628525_103220076'
Started GET "/post/new" for ::1 at 2019-10-12 16:58:06 -0500
Processing by PostController#new as HTML
  Rendering post/new.html.erb within layouts/application
  Rendered post/new.html.erb within layouts/application (19.5ms)
Completed 500 Internal Server Error in 93ms


  
ActionView::Template::Error (No route matches {:action=>"show", :controller=>"post"}, missing required keys: [:id]):
    1: <h1> Add post </h1>
    2: <%= form_for :pos, url: post_path do |f| %>
    3:     <p>
    4:         <%= f.label :title %><br>
    5:         <%= f.text_field :title %>
  
app/views/post/new.html.erb:2:in `_app_views_post_new_html_erb__838628525_103981236'
Started GET "/post/new" for ::1 at 2019-10-12 16:59:01 -0500
Processing by PostController#new as HTML
  Rendering post/new.html.erb within layouts/application
  Rendered post/new.html.erb within layouts/application (22.4ms)
Completed 500 Internal Server Error in 347ms


  
ActionView::Template::Error (No route matches {:action=>"show", :controller=>"post"}, missing required keys: [:id]):
    1: <h1> Add post </h1>
    2: <%= form_for :pos, url: post_path do |f| %>
    3:     <p>
    4:         <%= f.label :title %><br>
    5:         <%= f.text_field :title %>
  
app/views/post/new.html.erb:2:in `_app_views_post_new_html_erb__529206972_33613380'
